<?xml version="1.0" encoding="UTF-8"?>
<!-- Generated by org.testng.reporters.JUnitXMLReporter -->
<testsuite hostname="Ranu-PC" name="Test" tests="1" failures="1" timestamp="23 Apr 2018 18:38:55 GMT" time="62.535" errors="0">
  <testcase name="testfb" time="62.256" classname="testscript.passingxml">
    <failure type="org.openqa.selenium.InvalidSelectorException" message="The given selector (//a[@class=&amp;apos;firstLevelMenu&amp;apos;])[] is either invalid or does not result in a WebElement. The following error occurred:
InvalidSelectorError: Unable to locate an element with the xpath expression (//a[@class=&amp;apos;firstLevelMenu&amp;apos;])[] because of the following error:
SyntaxError: The expression is not a legal expression.
Command duration or timeout: 616 milliseconds
For documentation on this error, please visit: http://seleniumhq.org/exceptions/invalid_selector_exception.html
Build info: version: &amp;apos;2.52.0&amp;apos;, revision: &amp;apos;4c2593c&amp;apos;, time: &amp;apos;2016-02-11 19:06:42&amp;apos;
System info: host: &amp;apos;Ranu-PC&amp;apos;, ip: &amp;apos;192.168.159.1&amp;apos;, os.name: &amp;apos;Windows 7&amp;apos;, os.arch: &amp;apos;amd64&amp;apos;, os.version: &amp;apos;6.1&amp;apos;, java.version: &amp;apos;1.8.0_162&amp;apos;
Driver info: org.openqa.selenium.firefox.FirefoxDriver
Capabilities [{applicationCacheEnabled=true, rotatable=false, handlesAlerts=true, databaseEnabled=true, version=43.0.1, platform=WINDOWS, nativeEvents=false, acceptSslCerts=true, webStorageEnabled=true, locationContextEnabled=true, browserName=firefox, takesScreenshot=true, javascriptEnabled=true, cssSelectorsEnabled=true}]
Session ID: 4f229de6-d07d-4d08-b9df-39b97085c6a3
*** Element info: {Using=xpath, value=(//a[@class=&amp;apos;firstLevelMenu&amp;apos;])[]}">
      <![CDATA[org.openqa.selenium.InvalidSelectorException: The given selector (//a[@class='firstLevelMenu'])[] is either invalid or does not result in a WebElement. The following error occurred:
InvalidSelectorError: Unable to locate an element with the xpath expression (//a[@class='firstLevelMenu'])[] because of the following error:
SyntaxError: The expression is not a legal expression.
Command duration or timeout: 616 milliseconds
For documentation on this error, please visit: http://seleniumhq.org/exceptions/invalid_selector_exception.html
Build info: version: '2.52.0', revision: '4c2593c', time: '2016-02-11 19:06:42'
System info: host: 'Ranu-PC', ip: '192.168.159.1', os.name: 'Windows 7', os.arch: 'amd64', os.version: '6.1', java.version: '1.8.0_162'
Driver info: org.openqa.selenium.firefox.FirefoxDriver
Capabilities [{applicationCacheEnabled=true, rotatable=false, handlesAlerts=true, databaseEnabled=true, version=43.0.1, platform=WINDOWS, nativeEvents=false, acceptSslCerts=true, webStorageEnabled=true, locationContextEnabled=true, browserName=firefox, takesScreenshot=true, javascriptEnabled=true, cssSelectorsEnabled=true}]
Session ID: 4f229de6-d07d-4d08-b9df-39b97085c6a3
*** Element info: {Using=xpath, value=(//a[@class='firstLevelMenu'])[]}
	at org.openqa.selenium.remote.ErrorHandler.createThrowable(ErrorHandler.java:206)
	at org.openqa.selenium.remote.ErrorHandler.throwIfResponseFailed(ErrorHandler.java:158)
	at org.openqa.selenium.remote.RemoteWebDriver.execute(RemoteWebDriver.java:678)
	at org.openqa.selenium.remote.RemoteWebDriver.findElement(RemoteWebDriver.java:363)
	at org.openqa.selenium.remote.RemoteWebDriver.findElementByXPath(RemoteWebDriver.java:500)
	at org.openqa.selenium.By$ByXPath.findElement(By.java:361)
	at org.openqa.selenium.remote.RemoteWebDriver.findElement(RemoteWebDriver.java:355)
	at testscript.passingxml.testfb(passingxml.java:20)
Caused by: org.openqa.selenium.InvalidSelectorException: The given selector (//a[@class='firstLevelMenu'])[] is either invalid or does not result in a WebElement. The following error occurred:
InvalidSelectorError: Unable to locate an element with the xpath expression (//a[@class='firstLevelMenu'])[] because of the following error:
SyntaxError: The expression is not a legal expression.
For documentation on this error, please visit: http://seleniumhq.org/exceptions/invalid_selector_exception.html
Build info: version: '2.52.0', revision: '4c2593c', time: '2016-02-11 19:06:42'
System info: host: 'Ranu-PC', ip: '192.168.159.1', os.name: 'Windows 7', os.arch: 'amd64', os.version: '6.1', java.version: '1.8.0_162'
Driver info: driver.version: unknown
	at <anonymous class>.FirefoxDriver.annotateInvalidSelectorError_(file:///C:/Users/Ranu/AppData/Local/Temp/anonymous2572601813182050014webdriver-profile/extensions/fxdriver@googlecode.com/components/driver-component.js:10697)
	at <anonymous class>.FirefoxDriver.prototype.findElementInternal_(file:///C:/Users/Ranu/AppData/Local/Temp/anonymous2572601813182050014webdriver-profile/extensions/fxdriver@googlecode.com/components/driver-component.js:10728)
	at <anonymous class>.FirefoxDriver.prototype.findElement(file:///C:/Users/Ranu/AppData/Local/Temp/anonymous2572601813182050014webdriver-profile/extensions/fxdriver@googlecode.com/components/driver-component.js:10732)
	at <anonymous class>.DelayedCommand.prototype.executeInternal_/h(file:///C:/Users/Ranu/AppData/Local/Temp/anonymous2572601813182050014webdriver-profile/extensions/fxdriver@googlecode.com/components/command-processor.js:12614)
	at <anonymous class>.DelayedCommand.prototype.executeInternal_(file:///C:/Users/Ranu/AppData/Local/Temp/anonymous2572601813182050014webdriver-profile/extensions/fxdriver@googlecode.com/components/command-processor.js:12619)
	at <anonymous class>.DelayedCommand.prototype.execute/<(file:///C:/Users/Ranu/AppData/Local/Temp/anonymous2572601813182050014webdriver-profile/extensions/fxdriver@googlecode.com/components/command-processor.js:12561)
	at <anonymous class>..send(http://opensource.demo.orangehrmlive.com/webres_5786257bd7c8a5.72130757/js/jquery/jquery-1.7.2.min.js:4)
	at <anonymous class>..ajax(http://opensource.demo.orangehrmlive.com/webres_5786257bd7c8a5.72130757/js/jquery/jquery-1.7.2.min.js:4)
	at <anonymous class>..domManip/<(http://opensource.demo.orangehrmlive.com/webres_5786257bd7c8a5.72130757/js/jquery/jquery-1.7.2.min.js:4)
	at <anonymous class>.f</<.each(http://opensource.demo.orangehrmlive.com/webres_5786257bd7c8a5.72130757/js/jquery/jquery-1.7.2.min.js:2)
	at <anonymous class>..domManip(http://opensource.demo.orangehrmlive.com/webres_5786257bd7c8a5.72130757/js/jquery/jquery-1.7.2.min.js:4)
	at <anonymous class>..append(http://opensource.demo.orangehrmlive.com/webres_5786257bd7c8a5.72130757/js/jquery/jquery-1.7.2.min.js:3)
	at <anonymous class>..html/<(http://opensource.demo.orangehrmlive.com/webres_5786257bd7c8a5.72130757/js/jquery/jquery-1.7.2.min.js:4)
	at <anonymous class>.f</<.access(http://opensource.demo.orangehrmlive.com/webres_5786257bd7c8a5.72130757/js/jquery/jquery-1.7.2.min.js:2)
	at <anonymous class>..html(http://opensource.demo.orangehrmlive.com/webres_5786257bd7c8a5.72130757/js/jquery/jquery-1.7.2.min.js:4)
	at <anonymous class>..success(http://opensource.demo.orangehrmlive.com/index.php/dashboard:672)
	at <anonymous class>.f.Callbacks/o(http://opensource.demo.orangehrmlive.com/webres_5786257bd7c8a5.72130757/js/jquery/jquery-1.7.2.min.js:2)
	at <anonymous class>.f.Callbacks/p.fireWith(http://opensource.demo.orangehrmlive.com/webres_5786257bd7c8a5.72130757/js/jquery/jquery-1.7.2.min.js:2)
	at <anonymous class>.w(http://opensource.demo.orangehrmlive.com/webres_5786257bd7c8a5.72130757/js/jquery/jquery-1.7.2.min.js:4)
	at <anonymous class>..send/d(http://opensource.demo.orangehrmlive.com/webres_5786257bd7c8a5.72130757/js/jquery/jquery-1.7.2.min.js:4)
... Removed 28 stack frames]]>
    </failure>
  </testcase> <!-- testfb -->
</testsuite> <!-- Test -->
