<html>
<head>
<title>TestNG:  Test</title>
<link href="../testng.css" rel="stylesheet" type="text/css" />
<link href="../my-testng.css" rel="stylesheet" type="text/css" />

<style type="text/css">
.log { display: none;} 
.stack-trace { display: none;} 
</style>
<script type="text/javascript">
<!--
function flip(e) {
  current = e.style.display;
  if (current == 'block') {
    e.style.display = 'none';
    return 0;
  }
  else {
    e.style.display = 'block';
    return 1;
  }
}

function toggleBox(szDivId, elem, msg1, msg2)
{
  var res = -1;  if (document.getElementById) {
    res = flip(document.getElementById(szDivId));
  }
  else if (document.all) {
    // this is the way old msie versions work
    res = flip(document.all[szDivId]);
  }
  if(elem) {
    if(res == 0) elem.innerHTML = msg1; else elem.innerHTML = msg2;
  }

}

function toggleAllBoxes() {
  if (document.getElementsByTagName) {
    d = document.getElementsByTagName('div');
    for (i = 0; i < d.length; i++) {
      if (d[i].className == 'log') {
        flip(d[i]);
      }
    }
  }
}

// -->
</script>

</head>
<body>
<h2 align='center'>Test</h2><table border='1' align="center">
<tr>
<td>Tests passed/Failed/Skipped:</td><td>0/1/0</td>
</tr><tr>
<td>Started on:</td><td>Tue Apr 24 00:15:46 IST 2018</td>
</tr>
<tr><td>Total time:</td><td>36 seconds (36915 ms)</td>
</tr><tr>
<td>Included groups:</td><td></td>
</tr><tr>
<td>Excluded groups:</td><td></td>
</tr>
</table><p/>
<small><i>(Hover the method name to see the test class name)</i></small><p/>
<table width='100%' border='1' class='invocation-failed'>
<tr><td colspan='4' align='center'><b>FAILED TESTS</b></td></tr>
<tr><td><b>Test method</b></td>
<td width="30%"><b>Exception</b></td>
<td width="10%"><b>Time (seconds)</b></td>
<td><b>Instance</b></td>
</tr>
<tr>
<td title='testscript.passingxml.testfb()'><b>testfb</b><br>Test class: testscript.passingxml</td>
<td><div><pre>org.openqa.selenium.InvalidSelectorException: The given selector (//a[@class=&apos;firstLevelMenu&apos;])[] is either invalid or does not result in a WebElement. The following error occurred:
InvalidSelectorError: Unable to locate an element with the xpath expression (//a[@class=&apos;firstLevelMenu&apos;])[] because of the following error:
SyntaxError: The expression is not a legal expression.
Command duration or timeout: 313 milliseconds
For documentation on this error, please visit: http://seleniumhq.org/exceptions/invalid_selector_exception.html
Build info: version: &apos;2.52.0&apos;, revision: &apos;4c2593c&apos;, time: &apos;2016-02-11 19:06:42&apos;
System info: host: &apos;Ranu-PC&apos;, ip: &apos;192.168.159.1&apos;, os.name: &apos;Windows 7&apos;, os.arch: &apos;amd64&apos;, os.version: &apos;6.1&apos;, java.version: &apos;1.8.0_162&apos;
Driver info: org.openqa.selenium.firefox.FirefoxDriver
Capabilities [{applicationCacheEnabled=true, rotatable=false, handlesAlerts=true, databaseEnabled=true, version=43.0.1, platform=WINDOWS, nativeEvents=false, acceptSslCerts=true, webStorageEnabled=true, locationContextEnabled=true, browserName=firefox, takesScreenshot=true, javascriptEnabled=true, cssSelectorsEnabled=true}]
Session ID: f4945e54-e23e-41dd-bdc9-e1fde6eefa39
*** Element info: {Using=xpath, value=(//a[@class=&apos;firstLevelMenu&apos;])[]}
	at org.openqa.selenium.remote.ErrorHandler.createThrowable(ErrorHandler.java:206)
	at org.openqa.selenium.remote.ErrorHandler.throwIfResponseFailed(ErrorHandler.java:158)
	at org.openqa.selenium.remote.RemoteWebDriver.execute(RemoteWebDriver.java:678)
	at org.openqa.selenium.remote.RemoteWebDriver.findElement(RemoteWebDriver.java:363)
	at org.openqa.selenium.remote.RemoteWebDriver.findElementByXPath(RemoteWebDriver.java:500)
	at org.openqa.selenium.By$ByXPath.findElement(By.java:361)
	at org.openqa.selenium.remote.RemoteWebDriver.findElement(RemoteWebDriver.java:355)
	at testscript.passingxml.testfb(passingxml.java:20)
Caused by: org.openqa.selenium.InvalidSelectorException: The given selector (//a[@class=&apos;firstLevelMenu&apos;])[] is either invalid or does not result in a WebElement. The following error occurred:
InvalidSelectorError: Unable to locate an element with the xpath expression (//a[@class=&apos;firstLevelMenu&apos;])[] because of the following error:
SyntaxError: The expression is not a legal expression.
For documentation on this error, please visit: http://seleniumhq.org/exceptions/invalid_selector_exception.html
Build info: version: &apos;2.52.0&apos;, revision: &apos;4c2593c&apos;, time: &apos;2016-02-11 19:06:42&apos;
System info: host: &apos;Ranu-PC&apos;, ip: &apos;192.168.159.1&apos;, os.name: &apos;Windows 7&apos;, os.arch: &apos;amd64&apos;, os.version: &apos;6.1&apos;, java.version: &apos;1.8.0_162&apos;
Driver info: driver.version: unknown
	at &lt;anonymous class&gt;.FirefoxDriver.annotateInvalidSelectorError_(file:///C:/Users/Ranu/AppData/Local/Temp/anonymous2790298755024200137webdriver-profile/extensions/fxdriver@googlecode.com/components/driver-component.js:10697)
	at &lt;anonymous class&gt;.FirefoxDriver.prototype.findElementInternal_(file:///C:/Users/Ranu/AppData/Local/Temp/anonymous2790298755024200137webdriver-profile/extensions/fxdriver@googlecode.com/components/driver-component.js:10728)
	at &lt;anonymous class&gt;.FirefoxDriver.prototype.findElement(file:///C:/Users/Ranu/AppData/Local/Temp/anonymous2790298755024200137webdriver-profile/extensions/fxdriver@googlecode.com/components/driver-component.js:10732)
	at &lt;anonymous class&gt;.DelayedCommand.prototype.executeInternal_/h(file:///C:/Users/Ranu/AppData/Local/Temp/anonymous2790298755024200137webdriver-profile/extensions/fxdriver@googlecode.com/components/command-processor.js:12614)
	at &lt;anonymous class&gt;.DelayedCommand.prototype.executeInternal_(file:///C:/Users/Ranu/AppData/Local/Temp/anonymous2790298755024200137webdriver-profile/extensions/fxdriver@googlecode.com/components/command-processor.js:12619)
	at &lt;anonymous class&gt;.DelayedCommand.prototype.execute/&lt;(file:///C:/Users/Ranu/AppData/Local/Temp/anonymous2790298755024200137webdriver-profile/extensions/fxdriver@googlecode.com/components/command-processor.js:12561)
	at &lt;anonymous class&gt;..send(http://opensource.demo.orangehrmlive.com/webres_5786257bd7c8a5.72130757/js/jquery/jquery-1.7.2.min.js:4)
	at &lt;anonymous class&gt;..ajax(http://opensource.demo.orangehrmlive.com/webres_5786257bd7c8a5.72130757/js/jquery/jquery-1.7.2.min.js:4)
	at &lt;anonymous class&gt;..domManip/&lt;(http://opensource.demo.orangehrmlive.com/webres_5786257bd7c8a5.72130757/js/jquery/jquery-1.7.2.min.js:4)
	at &lt;anonymous class&gt;.f&lt;/&lt;.each(http://opensource.demo.orangehrmlive.com/webres_5786257bd7c8a5.72130757/js/jquery/jquery-1.7.2.min.js:2)
	at &lt;anonymous class&gt;..domManip(http://opensource.demo.orangehrmlive.com/webres_5786257bd7c8a5.72130757/js/jquery/jquery-1.7.2.min.js:4)
	at &lt;anonymous class&gt;..append(http://opensource.demo.orangehrmlive.com/webres_5786257bd7c8a5.72130757/js/jquery/jquery-1.7.2.min.js:3)
	at &lt;anonymous class&gt;..html/&lt;(http://opensource.demo.orangehrmlive.com/webres_5786257bd7c8a5.72130757/js/jquery/jquery-1.7.2.min.js:4)
	at &lt;anonymous class&gt;.f&lt;/&lt;.access(http://opensource.demo.orangehrmlive.com/webres_5786257bd7c8a5.72130757/js/jquery/jquery-1.7.2.min.js:2)
	at &lt;anonymous class&gt;..html(http://opensource.demo.orangehrmlive.com/webres_5786257bd7c8a5.72130757/js/jquery/jquery-1.7.2.min.js:4)
	at &lt;anonymous class&gt;..success(http://opensource.demo.orangehrmlive.com/index.php/dashboard:672)
	at &lt;anonymous class&gt;.f.Callbacks/o(http://opensource.demo.orangehrmlive.com/webres_5786257bd7c8a5.72130757/js/jquery/jquery-1.7.2.min.js:2)
	at &lt;anonymous class&gt;.f.Callbacks/p.fireWith(http://opensource.demo.orangehrmlive.com/webres_5786257bd7c8a5.72130757/js/jquery/jquery-1.7.2.min.js:2)
	at &lt;anonymous class&gt;.w(http://opensource.demo.orangehrmlive.com/webres_5786257bd7c8a5.72130757/js/jquery/jquery-1.7.2.min.js:4)
	at &lt;anonymous class&gt;..send/d(http://opensource.demo.orangehrmlive.com/webres_5786257bd7c8a5.72130757/js/jquery/jquery-1.7.2.min.js:4)
... Removed 28 stack frames</pre></div><a href='#' onClick='toggleBox("stack-trace310016558", this, "Click to show all stack frames", "Click to hide stack frames")'>Click to show all stack frames</a>
<div class='stack-trace' id='stack-trace310016558'><pre>org.openqa.selenium.InvalidSelectorException: The given selector (//a[@class=&apos;firstLevelMenu&apos;])[] is either invalid or does not result in a WebElement. The following error occurred:
InvalidSelectorError: Unable to locate an element with the xpath expression (//a[@class=&apos;firstLevelMenu&apos;])[] because of the following error:
SyntaxError: The expression is not a legal expression.
Command duration or timeout: 313 milliseconds
For documentation on this error, please visit: http://seleniumhq.org/exceptions/invalid_selector_exception.html
Build info: version: &apos;2.52.0&apos;, revision: &apos;4c2593c&apos;, time: &apos;2016-02-11 19:06:42&apos;
System info: host: &apos;Ranu-PC&apos;, ip: &apos;192.168.159.1&apos;, os.name: &apos;Windows 7&apos;, os.arch: &apos;amd64&apos;, os.version: &apos;6.1&apos;, java.version: &apos;1.8.0_162&apos;
Driver info: org.openqa.selenium.firefox.FirefoxDriver
Capabilities [{applicationCacheEnabled=true, rotatable=false, handlesAlerts=true, databaseEnabled=true, version=43.0.1, platform=WINDOWS, nativeEvents=false, acceptSslCerts=true, webStorageEnabled=true, locationContextEnabled=true, browserName=firefox, takesScreenshot=true, javascriptEnabled=true, cssSelectorsEnabled=true}]
Session ID: f4945e54-e23e-41dd-bdc9-e1fde6eefa39
*** Element info: {Using=xpath, value=(//a[@class=&apos;firstLevelMenu&apos;])[]}
	at sun.reflect.NativeConstructorAccessorImpl.newInstance0(Native Method)
	at sun.reflect.NativeConstructorAccessorImpl.newInstance(Unknown Source)
	at sun.reflect.DelegatingConstructorAccessorImpl.newInstance(Unknown Source)
	at java.lang.reflect.Constructor.newInstance(Unknown Source)
	at org.openqa.selenium.remote.ErrorHandler.createThrowable(ErrorHandler.java:206)
	at org.openqa.selenium.remote.ErrorHandler.throwIfResponseFailed(ErrorHandler.java:158)
	at org.openqa.selenium.remote.RemoteWebDriver.execute(RemoteWebDriver.java:678)
	at org.openqa.selenium.remote.RemoteWebDriver.findElement(RemoteWebDriver.java:363)
	at org.openqa.selenium.remote.RemoteWebDriver.findElementByXPath(RemoteWebDriver.java:500)
	at org.openqa.selenium.By$ByXPath.findElement(By.java:361)
	at org.openqa.selenium.remote.RemoteWebDriver.findElement(RemoteWebDriver.java:355)
	at testscript.passingxml.testfb(passingxml.java:20)
	at sun.reflect.NativeMethodAccessorImpl.invoke0(Native Method)
	at sun.reflect.NativeMethodAccessorImpl.invoke(Unknown Source)
	at sun.reflect.DelegatingMethodAccessorImpl.invoke(Unknown Source)
	at java.lang.reflect.Method.invoke(Unknown Source)
	at org.testng.internal.MethodInvocationHelper.invokeMethod(MethodInvocationHelper.java:85)
	at org.testng.internal.Invoker.invokeMethod(Invoker.java:639)
	at org.testng.internal.Invoker.invokeTestMethod(Invoker.java:816)
	at org.testng.internal.Invoker.invokeTestMethods(Invoker.java:1124)
	at org.testng.internal.TestMethodWorker.invokeTestMethods(TestMethodWorker.java:125)
	at org.testng.internal.TestMethodWorker.run(TestMethodWorker.java:108)
	at org.testng.TestRunner.privateRun(TestRunner.java:774)
	at org.testng.TestRunner.run(TestRunner.java:624)
	at org.testng.SuiteRunner.runTest(SuiteRunner.java:359)
	at org.testng.SuiteRunner.runSequentially(SuiteRunner.java:354)
	at org.testng.SuiteRunner.privateRun(SuiteRunner.java:312)
	at org.testng.SuiteRunner.run(SuiteRunner.java:261)
	at org.testng.SuiteRunnerWorker.runSuite(SuiteRunnerWorker.java:52)
	at org.testng.SuiteRunnerWorker.run(SuiteRunnerWorker.java:86)
	at org.testng.TestNG.runSuitesSequentially(TestNG.java:1215)
	at org.testng.TestNG.runSuitesLocally(TestNG.java:1140)
	at org.testng.TestNG.run(TestNG.java:1048)
	at org.testng.remote.AbstractRemoteTestNG.run(AbstractRemoteTestNG.java:114)
	at org.testng.remote.RemoteTestNG.initAndRun(RemoteTestNG.java:251)
	at org.testng.remote.RemoteTestNG.main(RemoteTestNG.java:77)
Caused by: org.openqa.selenium.InvalidSelectorException: The given selector (//a[@class=&apos;firstLevelMenu&apos;])[] is either invalid or does not result in a WebElement. The following error occurred:
InvalidSelectorError: Unable to locate an element with the xpath expression (//a[@class=&apos;firstLevelMenu&apos;])[] because of the following error:
SyntaxError: The expression is not a legal expression.
For documentation on this error, please visit: http://seleniumhq.org/exceptions/invalid_selector_exception.html
Build info: version: &apos;2.52.0&apos;, revision: &apos;4c2593c&apos;, time: &apos;2016-02-11 19:06:42&apos;
System info: host: &apos;Ranu-PC&apos;, ip: &apos;192.168.159.1&apos;, os.name: &apos;Windows 7&apos;, os.arch: &apos;amd64&apos;, os.version: &apos;6.1&apos;, java.version: &apos;1.8.0_162&apos;
Driver info: driver.version: unknown
	at &lt;anonymous class&gt;.FirefoxDriver.annotateInvalidSelectorError_(file:///C:/Users/Ranu/AppData/Local/Temp/anonymous2790298755024200137webdriver-profile/extensions/fxdriver@googlecode.com/components/driver-component.js:10697)
	at &lt;anonymous class&gt;.FirefoxDriver.prototype.findElementInternal_(file:///C:/Users/Ranu/AppData/Local/Temp/anonymous2790298755024200137webdriver-profile/extensions/fxdriver@googlecode.com/components/driver-component.js:10728)
	at &lt;anonymous class&gt;.FirefoxDriver.prototype.findElement(file:///C:/Users/Ranu/AppData/Local/Temp/anonymous2790298755024200137webdriver-profile/extensions/fxdriver@googlecode.com/components/driver-component.js:10732)
	at &lt;anonymous class&gt;.DelayedCommand.prototype.executeInternal_/h(file:///C:/Users/Ranu/AppData/Local/Temp/anonymous2790298755024200137webdriver-profile/extensions/fxdriver@googlecode.com/components/command-processor.js:12614)
	at &lt;anonymous class&gt;.DelayedCommand.prototype.executeInternal_(file:///C:/Users/Ranu/AppData/Local/Temp/anonymous2790298755024200137webdriver-profile/extensions/fxdriver@googlecode.com/components/command-processor.js:12619)
	at &lt;anonymous class&gt;.DelayedCommand.prototype.execute/&lt;(file:///C:/Users/Ranu/AppData/Local/Temp/anonymous2790298755024200137webdriver-profile/extensions/fxdriver@googlecode.com/components/command-processor.js:12561)
	at &lt;anonymous class&gt;..send(http://opensource.demo.orangehrmlive.com/webres_5786257bd7c8a5.72130757/js/jquery/jquery-1.7.2.min.js:4)
	at &lt;anonymous class&gt;..ajax(http://opensource.demo.orangehrmlive.com/webres_5786257bd7c8a5.72130757/js/jquery/jquery-1.7.2.min.js:4)
	at &lt;anonymous class&gt;..domManip/&lt;(http://opensource.demo.orangehrmlive.com/webres_5786257bd7c8a5.72130757/js/jquery/jquery-1.7.2.min.js:4)
	at &lt;anonymous class&gt;.f&lt;/&lt;.each(http://opensource.demo.orangehrmlive.com/webres_5786257bd7c8a5.72130757/js/jquery/jquery-1.7.2.min.js:2)
	at &lt;anonymous class&gt;..domManip(http://opensource.demo.orangehrmlive.com/webres_5786257bd7c8a5.72130757/js/jquery/jquery-1.7.2.min.js:4)
	at &lt;anonymous class&gt;..append(http://opensource.demo.orangehrmlive.com/webres_5786257bd7c8a5.72130757/js/jquery/jquery-1.7.2.min.js:3)
	at &lt;anonymous class&gt;..html/&lt;(http://opensource.demo.orangehrmlive.com/webres_5786257bd7c8a5.72130757/js/jquery/jquery-1.7.2.min.js:4)
	at &lt;anonymous class&gt;.f&lt;/&lt;.access(http://opensource.demo.orangehrmlive.com/webres_5786257bd7c8a5.72130757/js/jquery/jquery-1.7.2.min.js:2)
	at &lt;anonymous class&gt;..html(http://opensource.demo.orangehrmlive.com/webres_5786257bd7c8a5.72130757/js/jquery/jquery-1.7.2.min.js:4)
	at &lt;anonymous class&gt;..success(http://opensource.demo.orangehrmlive.com/index.php/dashboard:672)
	at &lt;anonymous class&gt;.f.Callbacks/o(http://opensource.demo.orangehrmlive.com/webres_5786257bd7c8a5.72130757/js/jquery/jquery-1.7.2.min.js:2)
	at &lt;anonymous class&gt;.f.Callbacks/p.fireWith(http://opensource.demo.orangehrmlive.com/webres_5786257bd7c8a5.72130757/js/jquery/jquery-1.7.2.min.js:2)
	at &lt;anonymous class&gt;.w(http://opensource.demo.orangehrmlive.com/webres_5786257bd7c8a5.72130757/js/jquery/jquery-1.7.2.min.js:4)
	at &lt;anonymous class&gt;..send/d(http://opensource.demo.orangehrmlive.com/webres_5786257bd7c8a5.72130757/js/jquery/jquery-1.7.2.min.js:4)
</pre></div></td>
<td>36</td>
<td>testscript.passingxml@23ceabc1</td></tr>
</table><p>
</body>
</html>