<?xml version="1.0" encoding="UTF-8"?>
<!-- Generated by org.testng.reporters.JUnitReportReporter -->
<testsuite hostname="Ranu-PC" name="testscript.passingxml" tests="1" failures="0" timestamp="3 May 2018 09:19:49 GMT" time="37.962" errors="1">
  <testcase name="testfb" time="37.962" classname="testscript.passingxml">
    <error type="org.openqa.selenium.InvalidSelectorException" message="The given selector (//a[@class=&#039;firstLevelMenu&#039;])[] is either invalid or does not result in a WebElement. The following error occurred:
InvalidSelectorError: Unable to locate an element with the xpath expression (//a[@class=&#039;firstLevelMenu&#039;])[] because of the following error:
SyntaxError: The expression is not a legal expression.
Command duration or timeout: 271 milliseconds
For documentation on this error, please visit: http://seleniumhq.org/exceptions/invalid_selector_exception.html
Build info: version: &#039;2.52.0&#039;, revision: &#039;4c2593c&#039;, time: &#039;2016-02-11 19:06:42&#039;
System info: host: &#039;Ranu-PC&#039;, ip: &#039;192.168.159.1&#039;, os.name: &#039;Windows 7&#039;, os.arch: &#039;amd64&#039;, os.version: &#039;6.1&#039;, java.version: &#039;1.8.0_162&#039;
Driver info: org.openqa.selenium.firefox.FirefoxDriver
Capabilities [{applicationCacheEnabled=true, rotatable=false, handlesAlerts=true, databaseEnabled=true, version=43.0.1, platform=WINDOWS, nativeEvents=false, acceptSslCerts=true, webStorageEnabled=true, locationContextEnabled=true, browserName=firefox, takesScreenshot=true, javascriptEnabled=true, cssSelectorsEnabled=true}]
Session ID: 79c5cdab-b000-4ab8-be7c-2662efc0461c
*** Element info: {Using=xpath, value=(//a[@class=&#039;firstLevelMenu&#039;])[]}">
      <![CDATA[org.openqa.selenium.InvalidSelectorException: The given selector (//a[@class='firstLevelMenu'])[] is either invalid or does not result in a WebElement. The following error occurred:
InvalidSelectorError: Unable to locate an element with the xpath expression (//a[@class='firstLevelMenu'])[] because of the following error:
SyntaxError: The expression is not a legal expression.
Command duration or timeout: 271 milliseconds
For documentation on this error, please visit: http://seleniumhq.org/exceptions/invalid_selector_exception.html
Build info: version: '2.52.0', revision: '4c2593c', time: '2016-02-11 19:06:42'
System info: host: 'Ranu-PC', ip: '192.168.159.1', os.name: 'Windows 7', os.arch: 'amd64', os.version: '6.1', java.version: '1.8.0_162'
Driver info: org.openqa.selenium.firefox.FirefoxDriver
Capabilities [{applicationCacheEnabled=true, rotatable=false, handlesAlerts=true, databaseEnabled=true, version=43.0.1, platform=WINDOWS, nativeEvents=false, acceptSslCerts=true, webStorageEnabled=true, locationContextEnabled=true, browserName=firefox, takesScreenshot=true, javascriptEnabled=true, cssSelectorsEnabled=true}]
Session ID: 79c5cdab-b000-4ab8-be7c-2662efc0461c
*** Element info: {Using=xpath, value=(//a[@class='firstLevelMenu'])[]}
	at sun.reflect.NativeConstructorAccessorImpl.newInstance0(Native Method)
	at sun.reflect.NativeConstructorAccessorImpl.newInstance(Unknown Source)
	at sun.reflect.DelegatingConstructorAccessorImpl.newInstance(Unknown Source)
	at java.lang.reflect.Constructor.newInstance(Unknown Source)
	at org.openqa.selenium.remote.ErrorHandler.createThrowable(ErrorHandler.java:206)
	at org.openqa.selenium.remote.ErrorHandler.throwIfResponseFailed(ErrorHandler.java:158)
	at org.openqa.selenium.remote.RemoteWebDriver.execute(RemoteWebDriver.java:678)
	at org.openqa.selenium.remote.RemoteWebDriver.findElement(RemoteWebDriver.java:363)
	at org.openqa.selenium.remote.RemoteWebDriver.findElementByXPath(RemoteWebDriver.java:500)
	at org.openqa.selenium.By$ByXPath.findElement(By.java:361)
	at org.openqa.selenium.remote.RemoteWebDriver.findElement(RemoteWebDriver.java:355)
	at testscript.passingxml.testfb(passingxml.java:26)
	at sun.reflect.NativeMethodAccessorImpl.invoke0(Native Method)
	at sun.reflect.NativeMethodAccessorImpl.invoke(Unknown Source)
	at sun.reflect.DelegatingMethodAccessorImpl.invoke(Unknown Source)
	at java.lang.reflect.Method.invoke(Unknown Source)
	at org.testng.internal.MethodInvocationHelper.invokeMethod(MethodInvocationHelper.java:85)
	at org.testng.internal.Invoker.invokeMethod(Invoker.java:639)
	at org.testng.internal.Invoker.invokeTestMethod(Invoker.java:816)
	at org.testng.internal.Invoker.invokeTestMethods(Invoker.java:1124)
	at org.testng.internal.TestMethodWorker.invokeTestMethods(TestMethodWorker.java:125)
	at org.testng.internal.TestMethodWorker.run(TestMethodWorker.java:108)
	at org.testng.TestRunner.privateRun(TestRunner.java:774)
	at org.testng.TestRunner.run(TestRunner.java:624)
	at org.testng.SuiteRunner.runTest(SuiteRunner.java:359)
	at org.testng.SuiteRunner.runSequentially(SuiteRunner.java:354)
	at org.testng.SuiteRunner.privateRun(SuiteRunner.java:312)
	at org.testng.SuiteRunner.run(SuiteRunner.java:261)
	at org.testng.SuiteRunnerWorker.runSuite(SuiteRunnerWorker.java:52)
	at org.testng.SuiteRunnerWorker.run(SuiteRunnerWorker.java:86)
	at org.testng.TestNG.runSuitesSequentially(TestNG.java:1215)
	at org.testng.TestNG.runSuitesLocally(TestNG.java:1140)
	at org.testng.TestNG.run(TestNG.java:1048)
	at org.testng.remote.AbstractRemoteTestNG.run(AbstractRemoteTestNG.java:114)
	at org.testng.remote.RemoteTestNG.initAndRun(RemoteTestNG.java:251)
	at org.testng.remote.RemoteTestNG.main(RemoteTestNG.java:77)
Caused by: org.openqa.selenium.InvalidSelectorException: The given selector (//a[@class='firstLevelMenu'])[] is either invalid or does not result in a WebElement. The following error occurred:
InvalidSelectorError: Unable to locate an element with the xpath expression (//a[@class='firstLevelMenu'])[] because of the following error:
SyntaxError: The expression is not a legal expression.
For documentation on this error, please visit: http://seleniumhq.org/exceptions/invalid_selector_exception.html
Build info: version: '2.52.0', revision: '4c2593c', time: '2016-02-11 19:06:42'
System info: host: 'Ranu-PC', ip: '192.168.159.1', os.name: 'Windows 7', os.arch: 'amd64', os.version: '6.1', java.version: '1.8.0_162'
Driver info: driver.version: unknown
	at <anonymous class>.FirefoxDriver.annotateInvalidSelectorError_(file:///C:/Users/Ranu/AppData/Local/Temp/anonymous3776459390710527894webdriver-profile/extensions/fxdriver@googlecode.com/components/driver-component.js:10697)
	at <anonymous class>.FirefoxDriver.prototype.findElementInternal_(file:///C:/Users/Ranu/AppData/Local/Temp/anonymous3776459390710527894webdriver-profile/extensions/fxdriver@googlecode.com/components/driver-component.js:10728)
	at <anonymous class>.FirefoxDriver.prototype.findElement(file:///C:/Users/Ranu/AppData/Local/Temp/anonymous3776459390710527894webdriver-profile/extensions/fxdriver@googlecode.com/components/driver-component.js:10732)
	at <anonymous class>.DelayedCommand.prototype.executeInternal_/h(file:///C:/Users/Ranu/AppData/Local/Temp/anonymous3776459390710527894webdriver-profile/extensions/fxdriver@googlecode.com/components/command-processor.js:12614)
	at <anonymous class>.DelayedCommand.prototype.executeInternal_(file:///C:/Users/Ranu/AppData/Local/Temp/anonymous3776459390710527894webdriver-profile/extensions/fxdriver@googlecode.com/components/command-processor.js:12619)
	at <anonymous class>.DelayedCommand.prototype.execute/<(file:///C:/Users/Ranu/AppData/Local/Temp/anonymous3776459390710527894webdriver-profile/extensions/fxdriver@googlecode.com/components/command-processor.js:12561)
	at <anonymous class>..send(http://opensource.demo.orangehrmlive.com/webres_5786257bd7c8a5.72130757/js/jquery/jquery-1.7.2.min.js:4)
	at <anonymous class>..ajax(http://opensource.demo.orangehrmlive.com/webres_5786257bd7c8a5.72130757/js/jquery/jquery-1.7.2.min.js:4)
	at <anonymous class>..domManip/<(http://opensource.demo.orangehrmlive.com/webres_5786257bd7c8a5.72130757/js/jquery/jquery-1.7.2.min.js:4)
	at <anonymous class>.f</<.each(http://opensource.demo.orangehrmlive.com/webres_5786257bd7c8a5.72130757/js/jquery/jquery-1.7.2.min.js:2)
	at <anonymous class>..domManip(http://opensource.demo.orangehrmlive.com/webres_5786257bd7c8a5.72130757/js/jquery/jquery-1.7.2.min.js:4)
	at <anonymous class>..append(http://opensource.demo.orangehrmlive.com/webres_5786257bd7c8a5.72130757/js/jquery/jquery-1.7.2.min.js:3)
	at <anonymous class>..html/<(http://opensource.demo.orangehrmlive.com/webres_5786257bd7c8a5.72130757/js/jquery/jquery-1.7.2.min.js:4)
	at <anonymous class>.f</<.access(http://opensource.demo.orangehrmlive.com/webres_5786257bd7c8a5.72130757/js/jquery/jquery-1.7.2.min.js:2)
	at <anonymous class>..html(http://opensource.demo.orangehrmlive.com/webres_5786257bd7c8a5.72130757/js/jquery/jquery-1.7.2.min.js:4)
	at <anonymous class>..success(http://opensource.demo.orangehrmlive.com/index.php/dashboard:672)
	at <anonymous class>.f.Callbacks/o(http://opensource.demo.orangehrmlive.com/webres_5786257bd7c8a5.72130757/js/jquery/jquery-1.7.2.min.js:2)
	at <anonymous class>.f.Callbacks/p.fireWith(http://opensource.demo.orangehrmlive.com/webres_5786257bd7c8a5.72130757/js/jquery/jquery-1.7.2.min.js:2)
	at <anonymous class>.w(http://opensource.demo.orangehrmlive.com/webres_5786257bd7c8a5.72130757/js/jquery/jquery-1.7.2.min.js:4)
	at <anonymous class>..send/d(http://opensource.demo.orangehrmlive.com/webres_5786257bd7c8a5.72130757/js/jquery/jquery-1.7.2.min.js:4)
]]>
    </error>
  </testcase> <!-- testfb -->
</testsuite> <!-- testscript.passingxml -->
